  main.cpp
  ofApp.cpp
d:\openframeworks\of_v0.10.0_vs2017_release\apps\myapps\thermodynamic system of an interactive monatomic gas by kinect camera\src\ofapp.cpp(58): warning C4018: '<': no coinciden signed/unsigned
d:\openframeworks\of_v0.10.0_vs2017_release\apps\myapps\thermodynamic system of an interactive monatomic gas by kinect camera\src\ofapp.cpp(168): warning C4018: '<': no coinciden signed/unsigned
d:\openframeworks\of_v0.10.0_vs2017_release\apps\myapps\thermodynamic system of an interactive monatomic gas by kinect camera\src\ofapp.cpp(257): warning C4018: '<': no coinciden signed/unsigned
d:\openframeworks\of_v0.10.0_vs2017_release\apps\myapps\thermodynamic system of an interactive monatomic gas by kinect camera\src\ofapp.cpp(262): warning C4018: '<': no coinciden signed/unsigned
d:\openframeworks\of_v0.10.0_vs2017_release\apps\myapps\thermodynamic system of an interactive monatomic gas by kinect camera\src\ofapp.cpp(267): warning C4018: '<': no coinciden signed/unsigned
d:\openframeworks\of_v0.10.0_vs2017_release\apps\myapps\thermodynamic system of an interactive monatomic gas by kinect camera\src\ofapp.cpp(271): warning C4018: '<': no coinciden signed/unsigned
d:\openframeworks\of_v0.10.0_vs2017_release\apps\myapps\thermodynamic system of an interactive monatomic gas by kinect camera\src\ofapp.cpp(304): warning C4018: '<': no coinciden signed/unsigned
  ofxBaseGui.cpp
  ofxButton.cpp
  ofxColorPicker.cpp
  ofxGuiGroup.cpp
  ofxInputField.cpp
  ofxLabel.cpp
  ofxPanel.cpp
  ofxSlider.cpp
  ofxSliderGroup.cpp
  ofxToggle.cpp
d:\openframeworks\of_v0.10.0_vs2017_release\addons\ofxgui\src\ofxinputfield.cpp(276): warning C4018: '<': no coinciden signed/unsigned
  d:\openframeworks\of_v0.10.0_vs2017_release\addons\ofxgui\src\ofxinputfield.cpp(265): note: durante la compilación de la función miembro de plantilla clase de 'void ofxInputField<float>::moveCursor(int)'
  d:\openframeworks\of_v0.10.0_vs2017_release\addons\ofxgui\src\ofxinputfield.cpp(368): note: vea la referencia a la creación de instancias de plantilla de función 'void ofxInputField<float>::moveCursor(int)' que se está compilando
  d:\openframeworks\of_v0.10.0_vs2017_release\addons\ofxgui\src\ofxinputfield.cpp(800): note: vea la referencia a la creación de instancias de plantilla clase de 'ofxInputField<float>' que se está compilando
  ofxKinectExtras.cpp
  ofxKinect.cpp
d:\openframeworks\of_v0.10.0_vs2017_release\addons\ofxkinect\libs\libusb\include\libusb.h(740): warning C4200: se ha utilizado una extensión no estándar: matriz de tamaño cero en struct/union
  d:\openframeworks\of_v0.10.0_vs2017_release\addons\ofxkinect\libs\libusb\include\libusb.h(740): note: Un constructor con valor predeterminado o un operador de asignación de copia o movimiento ignorará a este miembro.
d:\openframeworks\of_v0.10.0_vs2017_release\addons\ofxkinect\libs\libusb\include\libusb.h(765): warning C4200: se ha utilizado una extensión no estándar: matriz de tamaño cero en struct/union
  d:\openframeworks\of_v0.10.0_vs2017_release\addons\ofxkinect\libs\libusb\include\libusb.h(765): note: Un constructor con valor predeterminado o un operador de asignación de copia o movimiento ignorará a este miembro.
d:\openframeworks\of_v0.10.0_vs2017_release\addons\ofxkinect\libs\libusb\include\libusb.h(1258): warning C4200: se ha utilizado una extensión no estándar: matriz de tamaño cero en struct/union
  d:\openframeworks\of_v0.10.0_vs2017_release\addons\ofxkinect\libs\libusb\include\libusb.h(1258): note: Un constructor con valor predeterminado o un operador de asignación de copia o movimiento ignorará a este miembro.
d:\openframeworks\of_v0.10.0_vs2017_release\addons\ofxkinect\libs\libfreenect\src\freenect_internal.h(203): warning C4200: se ha utilizado una extensión no estándar: matriz de tamaño cero en struct/union
  d:\openframeworks\of_v0.10.0_vs2017_release\addons\ofxkinect\libs\libfreenect\src\freenect_internal.h(203): note: Un constructor con valor predeterminado o un operador de asignación de copia o movimiento ignorará a este miembro.
  audio.c
  cameras.c
  core.c
  flags.c
  loader.c
  registration.c
  tilt.c
  usb_libusb10.c
d:\openframeworks\of_v0.10.0_vs2017_release\addons\ofxkinect\libs\libusb\include\libusb.h(740): warning C4200: se ha utilizado una extensión no estándar: matriz de tamaño cero en struct/union (compilando archivo de origen ..\..\..\addons\ofxKinect\libs\libfreenect\src\loader.c)
  d:\openframeworks\of_v0.10.0_vs2017_release\addons\ofxkinect\libs\libusb\include\libusb.h(740): note: Un constructor con valor predeterminado o un operador de asignación de copia o movimiento ignorará a este miembro. (compilando archivo de origen ..\..\..\addons\ofxKinect\libs\libfreenect\src\loader.c)
d:\openframeworks\of_v0.10.0_vs2017_release\addons\ofxkinect\libs\libusb\include\libusb.h(765): warning C4200: se ha utilizado una extensión no estándar: matriz de tamaño cero en struct/union (compilando archivo de origen ..\..\..\addons\ofxKinect\libs\libfreenect\src\loader.c)
  d:\openframeworks\of_v0.10.0_vs2017_release\addons\ofxkinect\libs\libusb\include\libusb.h(765): note: Un constructor con valor predeterminado o un operador de asignación de copia o movimiento ignorará a este miembro. (compilando archivo de origen ..\..\..\addons\ofxKinect\libs\libfreenect\src\loader.c)
d:\openframeworks\of_v0.10.0_vs2017_release\addons\ofxkinect\libs\libusb\include\libusb.h(1258): warning C4200: se ha utilizado una extensión no estándar: matriz de tamaño cero en struct/union (compilando archivo de origen ..\..\..\addons\ofxKinect\libs\libfreenect\src\loader.c)
  d:\openframeworks\of_v0.10.0_vs2017_release\addons\ofxkinect\libs\libusb\include\libusb.h(1258): note: Un constructor con valor predeterminado o un operador de asignación de copia o movimiento ignorará a este miembro. (compilando archivo de origen ..\..\..\addons\ofxKinect\libs\libfreenect\src\loader.c)
d:\openframeworks\of_v0.10.0_vs2017_release\addons\ofxkinect\libs\libusb\include\libusb.h(740): warning C4200: se ha utilizado una extensión no estándar: matriz de tamaño cero en struct/union (compilando archivo de origen ..\..\..\addons\ofxKinect\libs\libfreenect\src\flags.c)
  d:\openframeworks\of_v0.10.0_vs2017_release\addons\ofxkinect\libs\libusb\include\libusb.h(740): note: Un constructor con valor predeterminado o un operador de asignación de copia o movimiento ignorará a este miembro. (compilando archivo de origen ..\..\..\addons\ofxKinect\libs\libfreenect\src\flags.c)
d:\openframeworks\of_v0.10.0_vs2017_release\addons\ofxkinect\libs\libusb\include\libusb.h(765): warning C4200: se ha utilizado una extensión no estándar: matriz de tamaño cero en struct/union (compilando archivo de origen ..\..\..\addons\ofxKinect\libs\libfreenect\src\flags.c)
  d:\openframeworks\of_v0.10.0_vs2017_release\addons\ofxkinect\libs\libusb\include\libusb.h(765): note: Un constructor con valor predeterminado o un operador de asignación de copia o movimiento ignorará a este miembro. (compilando archivo de origen ..\..\..\addons\ofxKinect\libs\libfreenect\src\flags.c)
d:\openframeworks\of_v0.10.0_vs2017_release\addons\ofxkinect\libs\libusb\include\libusb.h(1258): warning C4200: se ha utilizado una extensión no estándar: matriz de tamaño cero en struct/union (compilando archivo de origen ..\..\..\addons\ofxKinect\libs\libfreenect\src\flags.c)
  d:\openframeworks\of_v0.10.0_vs2017_release\addons\ofxkinect\libs\libusb\include\libusb.h(1258): note: Un constructor con valor predeterminado o un operador de asignación de copia o movimiento ignorará a este miembro. (compilando archivo de origen ..\..\..\addons\ofxKinect\libs\libfreenect\src\flags.c)
d:\openframeworks\of_v0.10.0_vs2017_release\addons\ofxkinect\libs\libusb\include\libusb.h(740): warning C4200: se ha utilizado una extensión no estándar: matriz de tamaño cero en struct/union (compilando archivo de origen ..\..\..\addons\ofxKinect\libs\libfreenect\src\audio.c)
  d:\openframeworks\of_v0.10.0_vs2017_release\addons\ofxkinect\libs\libusb\include\libusb.h(740): note: Un constructor con valor predeterminado o un operador de asignación de copia o movimiento ignorará a este miembro. (compilando archivo de origen ..\..\..\addons\ofxKinect\libs\libfreenect\src\audio.c)
d:\openframeworks\of_v0.10.0_vs2017_release\addons\ofxkinect\libs\libusb\include\libusb.h(765): warning C4200: se ha utilizado una extensión no estándar: matriz de tamaño cero en struct/union (compilando archivo de origen ..\..\..\addons\ofxKinect\libs\libfreenect\src\audio.c)
  d:\openframeworks\of_v0.10.0_vs2017_release\addons\ofxkinect\libs\libusb\include\libusb.h(765): note: Un constructor con valor predeterminado o un operador de asignación de copia o movimiento ignorará a este miembro. (compilando archivo de origen ..\..\..\addons\ofxKinect\libs\libfreenect\src\audio.c)
d:\openframeworks\of_v0.10.0_vs2017_release\addons\ofxkinect\libs\libusb\include\libusb.h(1258): warning C4200: se ha utilizado una extensión no estándar: matriz de tamaño cero en struct/union (compilando archivo de origen ..\..\..\addons\ofxKinect\libs\libfreenect\src\audio.c)
  d:\openframeworks\of_v0.10.0_vs2017_release\addons\ofxkinect\libs\libusb\include\libusb.h(1258): note: Un constructor con valor predeterminado o un operador de asignación de copia o movimiento ignorará a este miembro. (compilando archivo de origen ..\..\..\addons\ofxKinect\libs\libfreenect\src\audio.c)
d:\openframeworks\of_v0.10.0_vs2017_release\addons\ofxkinect\libs\libusb\include\libusb.h(740): warning C4200: se ha utilizado una extensión no estándar: matriz de tamaño cero en struct/union (compilando archivo de origen ..\..\..\addons\ofxKinect\libs\libfreenect\src\registration.c)
  d:\openframeworks\of_v0.10.0_vs2017_release\addons\ofxkinect\libs\libusb\include\libusb.h(740): note: Un constructor con valor predeterminado o un operador de asignación de copia o movimiento ignorará a este miembro. (compilando archivo de origen ..\..\..\addons\ofxKinect\libs\libfreenect\src\registration.c)
d:\openframeworks\of_v0.10.0_vs2017_release\addons\ofxkinect\libs\libusb\include\libusb.h(765): warning C4200: se ha utilizado una extensión no estándar: matriz de tamaño cero en struct/union (compilando archivo de origen ..\..\..\addons\ofxKinect\libs\libfreenect\src\registration.c)
  d:\openframeworks\of_v0.10.0_vs2017_release\addons\ofxkinect\libs\libusb\include\libusb.h(765): note: Un constructor con valor predeterminado o un operador de asignación de copia o movimiento ignorará a este miembro. (compilando archivo de origen ..\..\..\addons\ofxKinect\libs\libfreenect\src\registration.c)
d:\openframeworks\of_v0.10.0_vs2017_release\addons\ofxkinect\libs\libusb\include\libusb.h(1258): warning C4200: se ha utilizado una extensión no estándar: matriz de tamaño cero en struct/union (compilando archivo de origen ..\..\..\addons\ofxKinect\libs\libfreenect\src\registration.c)
  d:\openframeworks\of_v0.10.0_vs2017_release\addons\ofxkinect\libs\libusb\include\libusb.h(1258): note: Un constructor con valor predeterminado o un operador de asignación de copia o movimiento ignorará a este miembro. (compilando archivo de origen ..\..\..\addons\ofxKinect\libs\libfreenect\src\registration.c)
d:\openframeworks\of_v0.10.0_vs2017_release\addons\ofxkinect\libs\libusb\include\libusb.h(740): warning C4200: se ha utilizado una extensión no estándar: matriz de tamaño cero en struct/union (compilando archivo de origen ..\..\..\addons\ofxKinect\libs\libfreenect\src\usb_libusb10.c)
  d:\openframeworks\of_v0.10.0_vs2017_release\addons\ofxkinect\libs\libusb\include\libusb.h(740): note: Un constructor con valor predeterminado o un operador de asignación de copia o movimiento ignorará a este miembro. (compilando archivo de origen ..\..\..\addons\ofxKinect\libs\libfreenect\src\usb_libusb10.c)
d:\openframeworks\of_v0.10.0_vs2017_release\addons\ofxkinect\libs\libusb\include\libusb.h(765): warning C4200: se ha utilizado una extensión no estándar: matriz de tamaño cero en struct/union (compilando archivo de origen ..\..\..\addons\ofxKinect\libs\libfreenect\src\usb_libusb10.c)
  d:\openframeworks\of_v0.10.0_vs2017_release\addons\ofxkinect\libs\libusb\include\libusb.h(765): note: Un constructor con valor predeterminado o un operador de asignación de copia o movimiento ignorará a este miembro. (compilando archivo de origen ..\..\..\addons\ofxKinect\libs\libfreenect\src\usb_libusb10.c)
d:\openframeworks\of_v0.10.0_vs2017_release\addons\ofxkinect\libs\libusb\include\libusb.h(1258): warning C4200: se ha utilizado una extensión no estándar: matriz de tamaño cero en struct/union (compilando archivo de origen ..\..\..\addons\ofxKinect\libs\libfreenect\src\usb_libusb10.c)
  d:\openframeworks\of_v0.10.0_vs2017_release\addons\ofxkinect\libs\libusb\include\libusb.h(1258): note: Un constructor con valor predeterminado o un operador de asignación de copia o movimiento ignorará a este miembro. (compilando archivo de origen ..\..\..\addons\ofxKinect\libs\libfreenect\src\usb_libusb10.c)
d:\openframeworks\of_v0.10.0_vs2017_release\addons\ofxkinect\libs\libfreenect\src\freenect_internal.h(203): warning C4200: se ha utilizado una extensión no estándar: matriz de tamaño cero en struct/union (compilando archivo de origen ..\..\..\addons\ofxKinect\libs\libfreenect\src\usb_libusb10.c)
  d:\openframeworks\of_v0.10.0_vs2017_release\addons\ofxkinect\libs\libfreenect\src\freenect_internal.h(203): note: Un constructor con valor predeterminado o un operador de asignación de copia o movimiento ignorará a este miembro. (compilando archivo de origen ..\..\..\addons\ofxKinect\libs\libfreenect\src\usb_libusb10.c)
d:\openframeworks\of_v0.10.0_vs2017_release\addons\ofxkinect\libs\libfreenect\src\usb_libusb10.c(203): warning C4996: 'strdup': The POSIX name for this item is deprecated. Instead, use the ISO C and C++ conformant name: _strdup. See online help for details.
  c:\program files (x86)\windows kits\10\include\10.0.17134.0\ucrt\string.h(536): note: vea la declaración de 'strdup'
d:\openframeworks\of_v0.10.0_vs2017_release\addons\ofxkinect\libs\libusb\include\libusb.h(740): warning C4200: se ha utilizado una extensión no estándar: matriz de tamaño cero en struct/union (compilando archivo de origen ..\..\..\addons\ofxKinect\libs\libfreenect\src\cameras.c)
  d:\openframeworks\of_v0.10.0_vs2017_release\addons\ofxkinect\libs\libusb\include\libusb.h(740): note: Un constructor con valor predeterminado o un operador de asignación de copia o movimiento ignorará a este miembro. (compilando archivo de origen ..\..\..\addons\ofxKinect\libs\libfreenect\src\cameras.c)
d:\openframeworks\of_v0.10.0_vs2017_release\addons\ofxkinect\libs\libusb\include\libusb.h(765): warning C4200: se ha utilizado una extensión no estándar: matriz de tamaño cero en struct/union (compilando archivo de origen ..\..\..\addons\ofxKinect\libs\libfreenect\src\cameras.c)
  d:\openframeworks\of_v0.10.0_vs2017_release\addons\ofxkinect\libs\libusb\include\libusb.h(765): note: Un constructor con valor predeterminado o un operador de asignación de copia o movimiento ignorará a este miembro. (compilando archivo de origen ..\..\..\addons\ofxKinect\libs\libfreenect\src\cameras.c)
d:\openframeworks\of_v0.10.0_vs2017_release\addons\ofxkinect\libs\libusb\include\libusb.h(1258): warning C4200: se ha utilizado una extensión no estándar: matriz de tamaño cero en struct/union (compilando archivo de origen ..\..\..\addons\ofxKinect\libs\libfreenect\src\cameras.c)
  d:\openframeworks\of_v0.10.0_vs2017_release\addons\ofxkinect\libs\libusb\include\libusb.h(1258): note: Un constructor con valor predeterminado o un operador de asignación de copia o movimiento ignorará a este miembro. (compilando archivo de origen ..\..\..\addons\ofxKinect\libs\libfreenect\src\cameras.c)
d:\openframeworks\of_v0.10.0_vs2017_release\addons\ofxkinect\libs\libfreenect\src\usb_libusb10.c(551): warning C4996: 'strdup': The POSIX name for this item is deprecated. Instead, use the ISO C and C++ conformant name: _strdup. See online help for details.
  c:\program files (x86)\windows kits\10\include\10.0.17134.0\ucrt\string.h(536): note: vea la declaración de 'strdup'
d:\openframeworks\of_v0.10.0_vs2017_release\addons\ofxkinect\libs\libfreenect\src\freenect_internal.h(203): warning C4200: se ha utilizado una extensión no estándar: matriz de tamaño cero en struct/union (compilando archivo de origen ..\..\..\addons\ofxKinect\libs\libfreenect\src\cameras.c)
  d:\openframeworks\of_v0.10.0_vs2017_release\addons\ofxkinect\libs\libfreenect\src\freenect_internal.h(203): note: Un constructor con valor predeterminado o un operador de asignación de copia o movimiento ignorará a este miembro. (compilando archivo de origen ..\..\..\addons\ofxKinect\libs\libfreenect\src\cameras.c)
d:\openframeworks\of_v0.10.0_vs2017_release\addons\ofxkinect\libs\libfreenect\src\freenect_internal.h(203): warning C4200: se ha utilizado una extensión no estándar: matriz de tamaño cero en struct/union (compilando archivo de origen ..\..\..\addons\ofxKinect\libs\libfreenect\src\flags.c)
  d:\openframeworks\of_v0.10.0_vs2017_release\addons\ofxkinect\libs\libfreenect\src\freenect_internal.h(203): note: Un constructor con valor predeterminado o un operador de asignación de copia o movimiento ignorará a este miembro. (compilando archivo de origen ..\..\..\addons\ofxKinect\libs\libfreenect\src\flags.c)
d:\openframeworks\of_v0.10.0_vs2017_release\addons\ofxkinect\libs\libfreenect\src\freenect_internal.h(203): warning C4200: se ha utilizado una extensión no estándar: matriz de tamaño cero en struct/union (compilando archivo de origen ..\..\..\addons\ofxKinect\libs\libfreenect\src\loader.c)
  d:\openframeworks\of_v0.10.0_vs2017_release\addons\ofxkinect\libs\libfreenect\src\freenect_internal.h(203): note: Un constructor con valor predeterminado o un operador de asignación de copia o movimiento ignorará a este miembro. (compilando archivo de origen ..\..\..\addons\ofxKinect\libs\libfreenect\src\loader.c)
d:\openframeworks\of_v0.10.0_vs2017_release\addons\ofxkinect\libs\libusb\include\libusb.h(740): warning C4200: se ha utilizado una extensión no estándar: matriz de tamaño cero en struct/union (compilando archivo de origen ..\..\..\addons\ofxKinect\libs\libfreenect\src\core.c)
  d:\openframeworks\of_v0.10.0_vs2017_release\addons\ofxkinect\libs\libusb\include\libusb.h(740): note: Un constructor con valor predeterminado o un operador de asignación de copia o movimiento ignorará a este miembro. (compilando archivo de origen ..\..\..\addons\ofxKinect\libs\libfreenect\src\core.c)
d:\openframeworks\of_v0.10.0_vs2017_release\addons\ofxkinect\libs\libusb\include\libusb.h(765): warning C4200: se ha utilizado una extensión no estándar: matriz de tamaño cero en struct/union (compilando archivo de origen ..\..\..\addons\ofxKinect\libs\libfreenect\src\core.c)
  d:\openframeworks\of_v0.10.0_vs2017_release\addons\ofxkinect\libs\libusb\include\libusb.h(765): note: Un constructor con valor predeterminado o un operador de asignación de copia o movimiento ignorará a este miembro. (compilando archivo de origen ..\..\..\addons\ofxKinect\libs\libfreenect\src\core.c)
d:\openframeworks\of_v0.10.0_vs2017_release\addons\ofxkinect\libs\libusb\include\libusb.h(1258): warning C4200: se ha utilizado una extensión no estándar: matriz de tamaño cero en struct/union (compilando archivo de origen ..\..\..\addons\ofxKinect\libs\libfreenect\src\core.c)
  d:\openframeworks\of_v0.10.0_vs2017_release\addons\ofxkinect\libs\libusb\include\libusb.h(1258): note: Un constructor con valor predeterminado o un operador de asignación de copia o movimiento ignorará a este miembro. (compilando archivo de origen ..\..\..\addons\ofxKinect\libs\libfreenect\src\core.c)
d:\openframeworks\of_v0.10.0_vs2017_release\addons\ofxkinect\libs\libfreenect\src\freenect_internal.h(203): warning C4200: se ha utilizado una extensión no estándar: matriz de tamaño cero en struct/union (compilando archivo de origen ..\..\..\addons\ofxKinect\libs\libfreenect\src\audio.c)
  d:\openframeworks\of_v0.10.0_vs2017_release\addons\ofxkinect\libs\libfreenect\src\freenect_internal.h(203): note: Un constructor con valor predeterminado o un operador de asignación de copia o movimiento ignorará a este miembro. (compilando archivo de origen ..\..\..\addons\ofxKinect\libs\libfreenect\src\audio.c)
d:\openframeworks\of_v0.10.0_vs2017_release\addons\ofxkinect\libs\libfreenect\src\loader.c(138): warning C4996: 'sprintf': This function or variable may be unsafe. Consider using sprintf_s instead. To disable deprecation, use _CRT_SECURE_NO_WARNINGS. See online help for details.
  c:\program files (x86)\windows kits\10\include\10.0.17134.0\ucrt\stdio.h(1774): note: vea la declaración de 'sprintf'
d:\openframeworks\of_v0.10.0_vs2017_release\addons\ofxkinect\libs\libfreenect\src\loader.c(150): warning C4996: 'getenv': This function or variable may be unsafe. Consider using _dupenv_s instead. To disable deprecation, use _CRT_SECURE_NO_WARNINGS. See online help for details.
  c:\program files (x86)\windows kits\10\include\10.0.17134.0\ucrt\stdlib.h(1191): note: vea la declaración de 'getenv'
d:\openframeworks\of_v0.10.0_vs2017_release\addons\ofxkinect\libs\libfreenect\src\loader.c(155): warning C4996: 'strcpy': This function or variable may be unsafe. Consider using strcpy_s instead. To disable deprecation, use _CRT_SECURE_NO_WARNINGS. See online help for details.
  c:\program files (x86)\windows kits\10\include\10.0.17134.0\ucrt\string.h(133): note: vea la declaración de 'strcpy'
d:\openframeworks\of_v0.10.0_vs2017_release\addons\ofxkinect\libs\libfreenect\src\loader.c(156): warning C4996: 'strcat': This function or variable may be unsafe. Consider using strcat_s instead. To disable deprecation, use _CRT_SECURE_NO_WARNINGS. See online help for details.
  c:\program files (x86)\windows kits\10\include\10.0.17134.0\ucrt\string.h(90): note: vea la declaración de 'strcat'
d:\openframeworks\of_v0.10.0_vs2017_release\addons\ofxkinect\libs\libfreenect\src\loader.c(164): warning C4996: 'sprintf': This function or variable may be unsafe. Consider using sprintf_s instead. To disable deprecation, use _CRT_SECURE_NO_WARNINGS. See online help for details.
  c:\program files (x86)\windows kits\10\include\10.0.17134.0\ucrt\stdio.h(1774): note: vea la declaración de 'sprintf'
d:\openframeworks\of_v0.10.0_vs2017_release\addons\ofxkinect\libs\libfreenect\src\loader.c(168): warning C4996: 'getenv': This function or variable may be unsafe. Consider using _dupenv_s instead. To disable deprecation, use _CRT_SECURE_NO_WARNINGS. See online help for details.
  c:\program files (x86)\windows kits\10\include\10.0.17134.0\ucrt\stdlib.h(1191): note: vea la declaración de 'getenv'
d:\openframeworks\of_v0.10.0_vs2017_release\addons\ofxkinect\libs\libfreenect\src\loader.c(175): warning C4996: 'strcpy': This function or variable may be unsafe. Consider using strcpy_s instead. To disable deprecation, use _CRT_SECURE_NO_WARNINGS. See online help for details.
  c:\program files (x86)\windows kits\10\include\10.0.17134.0\ucrt\string.h(133): note: vea la declaración de 'strcpy'
d:\openframeworks\of_v0.10.0_vs2017_release\addons\ofxkinect\libs\libfreenect\src\loader.c(176): warning C4996: 'strcat': This function or variable may be unsafe. Consider using strcat_s instead. To disable deprecation, use _CRT_SECURE_NO_WARNINGS. See online help for details.
  c:\program files (x86)\windows kits\10\include\10.0.17134.0\ucrt\string.h(90): note: vea la declaración de 'strcat'
d:\openframeworks\of_v0.10.0_vs2017_release\addons\ofxkinect\libs\libfreenect\src\freenect_internal.h(203): warning C4200: se ha utilizado una extensión no estándar: matriz de tamaño cero en struct/union (compilando archivo de origen ..\..\..\addons\ofxKinect\libs\libfreenect\src\registration.c)
  d:\openframeworks\of_v0.10.0_vs2017_release\addons\ofxkinect\libs\libfreenect\src\freenect_internal.h(203): note: Un constructor con valor predeterminado o un operador de asignación de copia o movimiento ignorará a este miembro. (compilando archivo de origen ..\..\..\addons\ofxKinect\libs\libfreenect\src\registration.c)
d:\openframeworks\of_v0.10.0_vs2017_release\addons\ofxkinect\libs\libfreenect\src\loader.c(177): warning C4996: 'strcat': This function or variable may be unsafe. Consider using strcat_s instead. To disable deprecation, use _CRT_SECURE_NO_WARNINGS. See online help for details.
d:\openframeworks\of_v0.10.0_vs2017_release\addons\ofxkinect\libs\libfreenect\src\freenect_internal.h(203): warning C4200: se ha utilizado una extensión no estándar: matriz de tamaño cero en struct/union (compilando archivo de origen ..\..\..\addons\ofxKinect\libs\libfreenect\src\core.c)
  c:\program files (x86)\windows kits\10\include\10.0.17134.0\ucrt\string.h(90): note: vea la declaración de 'strcat'
  d:\openframeworks\of_v0.10.0_vs2017_release\addons\ofxkinect\libs\libfreenect\src\freenect_internal.h(203): note: Un constructor con valor predeterminado o un operador de asignación de copia o movimiento ignorará a este miembro. (compilando archivo de origen ..\..\..\addons\ofxKinect\libs\libfreenect\src\core.c)
d:\openframeworks\of_v0.10.0_vs2017_release\addons\ofxkinect\libs\libfreenect\src\loader.c(185): warning C4996: 'sprintf': This function or variable may be unsafe. Consider using sprintf_s instead. To disable deprecation, use _CRT_SECURE_NO_WARNINGS. See online help for details.
  c:\program files (x86)\windows kits\10\include\10.0.17134.0\ucrt\stdio.h(1774): note: vea la declaración de 'sprintf'
d:\openframeworks\of_v0.10.0_vs2017_release\addons\ofxkinect\libs\libfreenect\src\loader.c(191): warning C4996: 'sprintf': This function or variable may be unsafe. Consider using sprintf_s instead. To disable deprecation, use _CRT_SECURE_NO_WARNINGS. See online help for details.
  c:\program files (x86)\windows kits\10\include\10.0.17134.0\ucrt\stdio.h(1774): note: vea la declaración de 'sprintf'
d:\openframeworks\of_v0.10.0_vs2017_release\addons\ofxkinect\libs\libfreenect\src\loader.c(197): warning C4996: 'sprintf': This function or variable may be unsafe. Consider using sprintf_s instead. To disable deprecation, use _CRT_SECURE_NO_WARNINGS. See online help for details.
  c:\program files (x86)\windows kits\10\include\10.0.17134.0\ucrt\stdio.h(1774): note: vea la declaración de 'sprintf'
d:\openframeworks\of_v0.10.0_vs2017_release\addons\ofxkinect\libs\libfreenect\src\loader.c(202): warning C4996: 'fopen': This function or variable may be unsafe. Consider using fopen_s instead. To disable deprecation, use _CRT_SECURE_NO_WARNINGS. See online help for details.
  c:\program files (x86)\windows kits\10\include\10.0.17134.0\ucrt\stdio.h(208): note: vea la declaración de 'fopen'
d:\openframeworks\of_v0.10.0_vs2017_release\addons\ofxkinect\libs\libfreenect\src\loader.c(363): warning C4996: 'fopen': This function or variable may be unsafe. Consider using fopen_s instead. To disable deprecation, use _CRT_SECURE_NO_WARNINGS. See online help for details.
  c:\program files (x86)\windows kits\10\include\10.0.17134.0\ucrt\stdio.h(208): note: vea la declaración de 'fopen'
d:\openframeworks\of_v0.10.0_vs2017_release\addons\ofxkinect\libs\libfreenect\src\registration.c(72): warning C4244: '=': conversión de 'double' a 'int32_t'; posible pérdida de datos
d:\openframeworks\of_v0.10.0_vs2017_release\addons\ofxkinect\libs\libfreenect\src\registration.c(283): warning C4244: '=': conversión de 'double' a 'int32_t'; posible pérdida de datos
d:\openframeworks\of_v0.10.0_vs2017_release\addons\ofxkinect\libs\libfreenect\src\registration.c(284): warning C4244: '=': conversión de 'double' a 'int32_t'; posible pérdida de datos
d:\openframeworks\of_v0.10.0_vs2017_release\addons\ofxkinect\libs\libfreenect\src\registration.c(302): warning C4244: 'return': conversión de 'double' a 'uint16_t'; posible pérdida de datos
d:\openframeworks\of_v0.10.0_vs2017_release\addons\ofxkinect\libs\libusb\include\libusb.h(740): warning C4200: se ha utilizado una extensión no estándar: matriz de tamaño cero en struct/union (compilando archivo de origen ..\..\..\addons\ofxKinect\libs\libfreenect\src\tilt.c)
  d:\openframeworks\of_v0.10.0_vs2017_release\addons\ofxkinect\libs\libusb\include\libusb.h(740): note: Un constructor con valor predeterminado o un operador de asignación de copia o movimiento ignorará a este miembro. (compilando archivo de origen ..\..\..\addons\ofxKinect\libs\libfreenect\src\tilt.c)
d:\openframeworks\of_v0.10.0_vs2017_release\addons\ofxkinect\libs\libusb\include\libusb.h(765): warning C4200: se ha utilizado una extensión no estándar: matriz de tamaño cero en struct/union (compilando archivo de origen ..\..\..\addons\ofxKinect\libs\libfreenect\src\tilt.c)
  d:\openframeworks\of_v0.10.0_vs2017_release\addons\ofxkinect\libs\libusb\include\libusb.h(765): note: Un constructor con valor predeterminado o un operador de asignación de copia o movimiento ignorará a este miembro. (compilando archivo de origen ..\..\..\addons\ofxKinect\libs\libfreenect\src\tilt.c)
d:\openframeworks\of_v0.10.0_vs2017_release\addons\ofxkinect\libs\libusb\include\libusb.h(1258): warning C4200: se ha utilizado una extensión no estándar: matriz de tamaño cero en struct/union (compilando archivo de origen ..\..\..\addons\ofxKinect\libs\libfreenect\src\tilt.c)
  d:\openframeworks\of_v0.10.0_vs2017_release\addons\ofxkinect\libs\libusb\include\libusb.h(1258): note: Un constructor con valor predeterminado o un operador de asignación de copia o movimiento ignorará a este miembro. (compilando archivo de origen ..\..\..\addons\ofxKinect\libs\libfreenect\src\tilt.c)
d:\openframeworks\of_v0.10.0_vs2017_release\addons\ofxkinect\libs\libfreenect\src\freenect_internal.h(203): warning C4200: se ha utilizado una extensión no estándar: matriz de tamaño cero en struct/union (compilando archivo de origen ..\..\..\addons\ofxKinect\libs\libfreenect\src\tilt.c)
  d:\openframeworks\of_v0.10.0_vs2017_release\addons\ofxkinect\libs\libfreenect\src\freenect_internal.h(203): note: Un constructor con valor predeterminado o un operador de asignación de copia o movimiento ignorará a este miembro. (compilando archivo de origen ..\..\..\addons\ofxKinect\libs\libfreenect\src\tilt.c)
d:\openframeworks\of_v0.10.0_vs2017_release\addons\ofxkinect\libs\libfreenect\src\tilt.c(230): warning C4244: 'argumento': conversión de 'double' a 'int'; posible pérdida de datos
  ofxKuBufferRecorder.cpp
  ofxKuCompress.cpp
  ofxKuDrawPrimitives.cpp
  ofxKuDrawRasters.cpp
  ofxKuDrawUtils.cpp
  ofxKuFile.cpp
  ofxKuFileTime.cpp
  ofxKuFloodFill.cpp
  ofxKuGraph.cpp
  ofxKuImageSequence.cpp
  ofxKuLfo.cpp
  ofxKuMathFastSinCos.cpp
  ofxKuPcRasterize.cpp
  ofxKuPreset.cpp
  ofxKuPresetLooper.cpp
  ofxKuProbability.cpp
  ofxKuRasterArithmetics.cpp
d:\openframeworks\of_v0.10.0_vs2017_release\addons\ofxku\src\ofxkupcrasterize.cpp(16): warning C4018: '<': no coinciden signed/unsigned
d:\openframeworks\of_v0.10.0_vs2017_release\addons\ofxku\src\ofxkupcrasterize.cpp(41): warning C4018: '<': no coinciden signed/unsigned
d:\openframeworks\of_v0.10.0_vs2017_release\addons\ofxku\src\ofxkupcrasterize.cpp(73): warning C4018: '<': no coinciden signed/unsigned
d:\openframeworks\of_v0.10.0_vs2017_release\addons\ofxku\src\ofxkufloodfill.cpp(69): warning C4018: '<': no coinciden signed/unsigned
d:\openframeworks\of_v0.10.0_vs2017_release\addons\ofxku\src\ofxkufloodfill.cpp(112): warning C4018: '>=': no coinciden signed/unsigned
d:\openframeworks\of_v0.10.0_vs2017_release\addons\ofxku\src\ofxkuimagesequence.cpp(16): warning C4018: '<': no coinciden signed/unsigned
d:\openframeworks\of_v0.10.0_vs2017_release\addons\ofxku\src\ofxkufloodfill.cpp(113): warning C4018: '<=': no coinciden signed/unsigned
d:\openframeworks\of_v0.10.0_vs2017_release\addons\ofxku\src\ofxkupreset.cpp(70): warning C4018: '>=': no coinciden signed/unsigned
d:\openframeworks\of_v0.10.0_vs2017_release\addons\ofxku\src\ofxkupreset.cpp(74): warning C4018: '<': no coinciden signed/unsigned
d:\openframeworks\of_v0.10.0_vs2017_release\addons\ofxku\src\ofxkupreset.cpp(92): warning C4018: '<': no coinciden signed/unsigned
d:\openframeworks\of_v0.10.0_vs2017_release\addons\ofxku\src\ofxkupreset.cpp(109): warning C4018: '<': no coinciden signed/unsigned
d:\openframeworks\of_v0.10.0_vs2017_release\addons\ofxku\src\ofxkupreset.cpp(111): warning C4018: '<': no coinciden signed/unsigned
d:\openframeworks\of_v0.10.0_vs2017_release\addons\ofxku\src\ofxkupreset.cpp(141): warning C4018: '<': no coinciden signed/unsigned
d:\openframeworks\of_v0.10.0_vs2017_release\addons\ofxku\src\ofxkudrawrasters.cpp(26): warning C4996: 'ofPixels_<unsigned char>::getPixels': Use getData instead
  d:\openframeworks\of_v0.10.0_vs2017_release\libs\openframeworks\graphics\ofpixels.h(311): note: vea la declaración de 'ofPixels_<unsigned char>::getPixels'
d:\openframeworks\of_v0.10.0_vs2017_release\addons\ofxku\src\ofxkubufferrecorder.cpp(32): warning C4996: 'fopen': This function or variable may be unsafe. Consider using fopen_s instead. To disable deprecation, use _CRT_SECURE_NO_WARNINGS. See online help for details.
  c:\program files (x86)\windows kits\10\include\10.0.17134.0\ucrt\stdio.h(208): note: vea la declaración de 'fopen'
d:\openframeworks\of_v0.10.0_vs2017_release\addons\ofxku\src\ofxkubufferrecorder.cpp(103): warning C4996: 'fopen': This function or variable may be unsafe. Consider using fopen_s instead. To disable deprecation, use _CRT_SECURE_NO_WARNINGS. See online help for details.
  c:\program files (x86)\windows kits\10\include\10.0.17134.0\ucrt\stdio.h(208): note: vea la declaración de 'fopen'
d:\openframeworks\of_v0.10.0_vs2017_release\addons\ofxku\src\ofxkufile.cpp(17): warning C4996: 'fopen': This function or variable may be unsafe. Consider using fopen_s instead. To disable deprecation, use _CRT_SECURE_NO_WARNINGS. See online help for details.
  c:\program files (x86)\windows kits\10\include\10.0.17134.0\ucrt\stdio.h(208): note: vea la declaración de 'fopen'
d:\openframeworks\of_v0.10.0_vs2017_release\addons\ofxku\src\ofxkufile.cpp(44): warning C4018: '<': no coinciden signed/unsigned
d:\openframeworks\of_v0.10.0_vs2017_release\addons\ofxku\src\ofxkugraph.cpp(58): warning C4996: 'ofRect': Use ofDrawRectangle instead
  d:\openframeworks\of_v0.10.0_vs2017_release\libs\openframeworks\graphics\ofgraphics.h(512): note: vea la declaración de 'ofRect'
d:\openframeworks\of_v0.10.0_vs2017_release\addons\ofxku\src\ofxkugraph.cpp(60): warning C4996: 'ofRect': Use ofDrawRectangle instead
  d:\openframeworks\of_v0.10.0_vs2017_release\libs\openframeworks\graphics\ofgraphics.h(512): note: vea la declaración de 'ofRect'
d:\openframeworks\of_v0.10.0_vs2017_release\addons\ofxku\src\ofxkugraph.cpp(80): warning C4996: 'ofLine': Use ofDrawLine instead
  d:\openframeworks\of_v0.10.0_vs2017_release\libs\openframeworks\graphics\ofgraphics.h(508): note: vea la declaración de 'ofLine'
d:\openframeworks\of_v0.10.0_vs2017_release\addons\ofxku\src\ofxkugraph.cpp(91): warning C4018: '>': no coinciden signed/unsigned
d:\openframeworks\of_v0.10.0_vs2017_release\addons\ofxku\src\ofxkugraph.cpp(101): warning C4018: '<': no coinciden signed/unsigned
d:\openframeworks\of_v0.10.0_vs2017_release\addons\ofxku\src\ofxkugraph.cpp(111): warning C4018: '<': no coinciden signed/unsigned
d:\openframeworks\of_v0.10.0_vs2017_release\addons\ofxku\src\ofxkudrawprimitives.cpp(155): warning C4018: '<': no coinciden signed/unsigned
d:\openframeworks\of_v0.10.0_vs2017_release\addons\ofxku\src\ofxkudrawprimitives.cpp(156): warning C4018: '<': no coinciden signed/unsigned
d:\openframeworks\of_v0.10.0_vs2017_release\addons\ofxku\src\ofxkudrawprimitives.cpp(161): warning C4018: '<': no coinciden signed/unsigned
d:\openframeworks\of_v0.10.0_vs2017_release\addons\ofxku\src\ofxkudrawprimitives.cpp(162): warning C4018: '<': no coinciden signed/unsigned
d:\openframeworks\of_v0.10.0_vs2017_release\addons\ofxku\src\ofxkudrawprimitives.cpp(168): warning C4018: '<': no coinciden signed/unsigned
d:\openframeworks\of_v0.10.0_vs2017_release\addons\ofxku\src\ofxkudrawprimitives.cpp(169): warning C4018: '<': no coinciden signed/unsigned
d:\openframeworks\of_v0.10.0_vs2017_release\addons\ofxku\src\ofxkudrawprimitives.cpp(170): warning C4018: '<': no coinciden signed/unsigned
d:\openframeworks\of_v0.10.0_vs2017_release\addons\ofxku\src\ofxkudrawprimitives.cpp(175): warning C4018: '<': no coinciden signed/unsigned
d:\openframeworks\of_v0.10.0_vs2017_release\addons\ofxku\src\ofxkudrawprimitives.cpp(481): warning C4018: '<': no coinciden signed/unsigned
d:\openframeworks\of_v0.10.0_vs2017_release\addons\ofxku\src\ofxkudrawprimitives.cpp(482): warning C4018: '<': no coinciden signed/unsigned
d:\openframeworks\of_v0.10.0_vs2017_release\addons\ofxku\src\ofxkudrawprimitives.cpp(487): warning C4018: '<': no coinciden signed/unsigned
d:\openframeworks\of_v0.10.0_vs2017_release\addons\ofxku\src\ofxkudrawprimitives.cpp(488): warning C4018: '<': no coinciden signed/unsigned
d:\openframeworks\of_v0.10.0_vs2017_release\addons\ofxku\src\ofxkudrawprimitives.cpp(494): warning C4018: '<': no coinciden signed/unsigned
d:\openframeworks\of_v0.10.0_vs2017_release\addons\ofxku\src\ofxkudrawprimitives.cpp(495): warning C4018: '<': no coinciden signed/unsigned
d:\openframeworks\of_v0.10.0_vs2017_release\addons\ofxku\src\ofxkudrawprimitives.cpp(496): warning C4018: '<': no coinciden signed/unsigned
d:\openframeworks\of_v0.10.0_vs2017_release\addons\ofxku\src\ofxkudrawprimitives.cpp(502): warning C4018: '<': no coinciden signed/unsigned
  ofxKuRasterOptFlow.cpp
  ofxKuSlowBit.cpp
  ofxKuTimeMeasure.cpp
d:\openframeworks\of_v0.10.0_vs2017_release\addons\ofxku\src\ofxkurasteroptflow.cpp(128): warning C4996: 'ofLine': Use ofDrawLine instead
  d:\openframeworks\of_v0.10.0_vs2017_release\libs\openframeworks\graphics\ofgraphics.h(508): note: vea la declaración de 'ofLine'
c:\program files (x86)\microsoft visual studio\2017\community\vc\tools\msvc\14.14.26428\include\xutility(2957): warning C4244: '=': conversión de 'const int' a 'float'; posible pérdida de datos (compilando archivo de origen ..\..\..\addons\ofxKu\src\ofxKuRasterOptFlow.cpp)
  c:\program files (x86)\microsoft visual studio\2017\community\vc\tools\msvc\14.14.26428\include\xutility(2971): note: vea la referencia a la creación de instancias de plantilla de función 'void std::_Fill_unchecked1<_FwdIt,_Ty>(_FwdIt,_FwdIt,const _Ty &,std::false_type)' que se está compilando
          with
          [
              _FwdIt=float *,
              _Ty=int
          ] (compilando archivo de origen ..\..\..\addons\ofxKu\src\ofxKuRasterOptFlow.cpp)
  c:\program files (x86)\microsoft visual studio\2017\community\vc\tools\msvc\14.14.26428\include\xutility(2979): note: vea la referencia a la creación de instancias de plantilla de función 'void std::_Fill_unchecked<float*,_Ty>(_FwdIt,_FwdIt,const _Ty &)' que se está compilando
          with
          [
              _Ty=int,
              _FwdIt=float *
          ] (compilando archivo de origen ..\..\..\addons\ofxKu\src\ofxKuRasterOptFlow.cpp)
  d:\openframeworks\of_v0.10.0_vs2017_release\addons\ofxku\src\ofxkurasteroptflow.cpp(24): note: vea la referencia a la creación de instancias de plantilla de función 'void std::fill<std::_Vector_iterator<std::_Vector_val<std::_Simple_types<_Ty>>>,int>(_FwdIt,_FwdIt,const int &)' que se está compilando
          with
          [
              _Ty=float,
              _FwdIt=std::_Vector_iterator<std::_Vector_val<std::_Simple_types<float>>>
          ]
  ofxKuBox2d.cpp
d:\openframeworks\of_v0.10.0_vs2017_release\addons\ofxkubox2d\src\ofxkubox2d.cpp(98): warning C4018: '<': no coinciden signed/unsigned
d:\openframeworks\of_v0.10.0_vs2017_release\addons\ofxkubox2d\src\ofxkubox2d.cpp(107): warning C4018: '<': no coinciden signed/unsigned
d:\openframeworks\of_v0.10.0_vs2017_release\addons\ofxkubox2d\src\ofxkubox2d.cpp(228): warning C4018: '<': no coinciden signed/unsigned
d:\openframeworks\of_v0.10.0_vs2017_release\addons\ofxkubox2d\src\ofxkubox2d.cpp(366): warning C4018: '<': no coinciden signed/unsigned
d:\openframeworks\of_v0.10.0_vs2017_release\addons\ofxkubox2d\src\ofxkubox2d.cpp(427): warning C4018: '<': no coinciden signed/unsigned
  b2BroadPhase.cpp
  b2CollideCircle.cpp
  b2CollidePolygon.cpp
  b2Collision.cpp
  b2Distance.cpp
  b2DynamicTree.cpp
  b2TimeOfImpact.cpp
  b2CircleShape.cpp
  b2PolygonShape.cpp
  b2BlockAllocator.cpp
  b2Math.cpp
  b2Settings.cpp
  b2StackAllocator.cpp
  b2Body.cpp
  b2ContactManager.cpp
  b2Fixture.cpp
  b2Island.cpp
  b2World.cpp
  b2WorldCallbacks.cpp
  b2CircleContact.cpp
  b2Contact.cpp
  b2ContactSolver.cpp
  b2PolygonAndCircleContact.cpp
  b2PolygonContact.cpp
  b2TOISolver.cpp
  b2DistanceJoint.cpp
  b2FrictionJoint.cpp
  b2GearJoint.cpp
  b2Joint.cpp
  b2LineJoint.cpp
  b2MouseJoint.cpp
  b2PrismaticJoint.cpp
  b2PulleyJoint.cpp
  b2RevoluteJoint.cpp
  b2WeldJoint.cpp
  ofxCvColorImage.cpp
  ofxCvContourFinder.cpp
  ofxCvFloatImage.cpp
  ofxCvGrayscaleImage.cpp
  ofxCvHaarFinder.cpp
  ofxCvImage.cpp
  ofxCvShortImage.cpp
  libusb-1.0.lib(sync.obj) : se encontró .netmodule MSIL o un módulo compilado con /GL; reiniciando la vinculación con /LTCG; agregue /LTCG a la línea de comandos de vínculo para mejorar el rendimiento del vinculador
LINK : warning LNK4075: se omite '/INCREMENTAL' debido a la especificaci¾n '/LTCG'
     Creando biblioteca bin\thermodynamic system of an interactive monatomic gas by kinect camera_debug.lib y objeto bin\thermodynamic system of an interactive monatomic gas by kinect camera_debug.exp
  Generando c¾digo
  Generaci¾n de c¾digo finalizada
  thermodynamic system of an interactive monatomic gas by kinect camera.vcxproj -> D:\OpenFrameWorks\of_v0.10.0_vs2017_release\apps\myApps\thermodynamic system of an interactive monatomic gas by kinect camera\bin\thermodynamic system of an interactive monatomic gas by kinect camera_debug.exe
  
  	                   2	D:\OpenFrameWorks\of_v0.10.0_vs2017_release\libs\fmodex\lib\vs\Win32\
  	  *Archivo EXTRA		 5647872	D:\OpenFrameWorks\of_v0.10.0_vs2017_release\apps\myApps\thermodynamic system of an interactive monatomic gas by kinect camera\bin\FreeImage.dll
  	  *Archivo EXTRA		   46592	D:\OpenFrameWorks\of_v0.10.0_vs2017_release\apps\myApps\thermodynamic system of an interactive monatomic gas by kinect camera\bin\libusb0.dll
  	  *Archivo EXTRA		   67680	D:\OpenFrameWorks\of_v0.10.0_vs2017_release\apps\myApps\thermodynamic system of an interactive monatomic gas by kinect camera\bin\libusb0_x86.dll
  	  *Archivo EXTRA		   84280	D:\OpenFrameWorks\of_v0.10.0_vs2017_release\apps\myApps\thermodynamic system of an interactive monatomic gas by kinect camera\bin\libusbK.dll
  	  *Archivo EXTRA		   84280	D:\OpenFrameWorks\of_v0.10.0_vs2017_release\apps\myApps\thermodynamic system of an interactive monatomic gas by kinect camera\bin\libusbK_x86.dll
  	  *Archivo EXTRA		  157184	D:\OpenFrameWorks\of_v0.10.0_vs2017_release\apps\myApps\thermodynamic system of an interactive monatomic gas by kinect camera\bin\nimCodecs.dll
  	  *Archivo EXTRA		   98304	D:\OpenFrameWorks\of_v0.10.0_vs2017_release\apps\myApps\thermodynamic system of an interactive monatomic gas by kinect camera\bin\nimMockNodes.dll
  	  *Archivo EXTRA		   86016	D:\OpenFrameWorks\of_v0.10.0_vs2017_release\apps\myApps\thermodynamic system of an interactive monatomic gas by kinect camera\bin\nimRecorder.dll
  	  *Archivo EXTRA		  307712	D:\OpenFrameWorks\of_v0.10.0_vs2017_release\apps\myApps\thermodynamic system of an interactive monatomic gas by kinect camera\bin\OpenNI.dll
  	  *Archivo EXTRA		 1629040	D:\OpenFrameWorks\of_v0.10.0_vs2017_release\apps\myApps\thermodynamic system of an interactive monatomic gas by kinect camera\bin\WdfCoInstaller01011.dll
  	  *Archivo EXTRA		  851176	D:\OpenFrameWorks\of_v0.10.0_vs2017_release\apps\myApps\thermodynamic system of an interactive monatomic gas by kinect camera\bin\winusbcoinstaller2.dll
  	  *Archivo EXTRA		  117248	D:\OpenFrameWorks\of_v0.10.0_vs2017_release\apps\myApps\thermodynamic system of an interactive monatomic gas by kinect camera\bin\XnVCNITE_1_5_2.dll
  	  *Archivo EXTRA		 3058688	D:\OpenFrameWorks\of_v0.10.0_vs2017_release\apps\myApps\thermodynamic system of an interactive monatomic gas by kinect camera\bin\XnVFeatures_1_5_2.dll
  	  *Archivo EXTRA		  894464	D:\OpenFrameWorks\of_v0.10.0_vs2017_release\apps\myApps\thermodynamic system of an interactive monatomic gas by kinect camera\bin\XnVHandGenerator_1_5_2.dll
  	  *Archivo EXTRA		  848384	D:\OpenFrameWorks\of_v0.10.0_vs2017_release\apps\myApps\thermodynamic system of an interactive monatomic gas by kinect camera\bin\XnVNITE_1_5_2.dll
  
  	                   1	D:\OpenFrameWorks\of_v0.10.0_vs2017_release\libs\FreeImage\lib\vs\Win32\
  	  *Archivo EXTRA		 1266176	D:\OpenFrameWorks\of_v0.10.0_vs2017_release\apps\myApps\thermodynamic system of an interactive monatomic gas by kinect camera\bin\fmodex.dll
  	  *Archivo EXTRA		 1312768	D:\OpenFrameWorks\of_v0.10.0_vs2017_release\apps\myApps\thermodynamic system of an interactive monatomic gas by kinect camera\bin\fmodexL.dll
  	  *Archivo EXTRA		   46592	D:\OpenFrameWorks\of_v0.10.0_vs2017_release\apps\myApps\thermodynamic system of an interactive monatomic gas by kinect camera\bin\libusb0.dll
  	  *Archivo EXTRA		   67680	D:\OpenFrameWorks\of_v0.10.0_vs2017_release\apps\myApps\thermodynamic system of an interactive monatomic gas by kinect camera\bin\libusb0_x86.dll
  	  *Archivo EXTRA		   84280	D:\OpenFrameWorks\of_v0.10.0_vs2017_release\apps\myApps\thermodynamic system of an interactive monatomic gas by kinect camera\bin\libusbK.dll
  	  *Archivo EXTRA		   84280	D:\OpenFrameWorks\of_v0.10.0_vs2017_release\apps\myApps\thermodynamic system of an interactive monatomic gas by kinect camera\bin\libusbK_x86.dll
  	  *Archivo EXTRA		  157184	D:\OpenFrameWorks\of_v0.10.0_vs2017_release\apps\myApps\thermodynamic system of an interactive monatomic gas by kinect camera\bin\nimCodecs.dll
  	  *Archivo EXTRA		   98304	D:\OpenFrameWorks\of_v0.10.0_vs2017_release\apps\myApps\thermodynamic system of an interactive monatomic gas by kinect camera\bin\nimMockNodes.dll
  	  *Archivo EXTRA		   86016	D:\OpenFrameWorks\of_v0.10.0_vs2017_release\apps\myApps\thermodynamic system of an interactive monatomic gas by kinect camera\bin\nimRecorder.dll
  	  *Archivo EXTRA		  307712	D:\OpenFrameWorks\of_v0.10.0_vs2017_release\apps\myApps\thermodynamic system of an interactive monatomic gas by kinect camera\bin\OpenNI.dll
  	  *Archivo EXTRA		 1629040	D:\OpenFrameWorks\of_v0.10.0_vs2017_release\apps\myApps\thermodynamic system of an interactive monatomic gas by kinect camera\bin\WdfCoInstaller01011.dll
  	  *Archivo EXTRA		  851176	D:\OpenFrameWorks\of_v0.10.0_vs2017_release\apps\myApps\thermodynamic system of an interactive monatomic gas by kinect camera\bin\winusbcoinstaller2.dll
  	  *Archivo EXTRA		  117248	D:\OpenFrameWorks\of_v0.10.0_vs2017_release\apps\myApps\thermodynamic system of an interactive monatomic gas by kinect camera\bin\XnVCNITE_1_5_2.dll
  	  *Archivo EXTRA		 3058688	D:\OpenFrameWorks\of_v0.10.0_vs2017_release\apps\myApps\thermodynamic system of an interactive monatomic gas by kinect camera\bin\XnVFeatures_1_5_2.dll
  	  *Archivo EXTRA		  894464	D:\OpenFrameWorks\of_v0.10.0_vs2017_release\apps\myApps\thermodynamic system of an interactive monatomic gas by kinect camera\bin\XnVHandGenerator_1_5_2.dll
  	  *Archivo EXTRA		  848384	D:\OpenFrameWorks\of_v0.10.0_vs2017_release\apps\myApps\thermodynamic system of an interactive monatomic gas by kinect camera\bin\XnVNITE_1_5_2.dll
  
  	                   8	D:\OpenFrameWorks\of_v0.10.0_vs2017_release\libs\openNI\lib\vs\Win32\
  	  *Archivo EXTRA		 1266176	D:\OpenFrameWorks\of_v0.10.0_vs2017_release\apps\myApps\thermodynamic system of an interactive monatomic gas by kinect camera\bin\fmodex.dll
  	  *Archivo EXTRA		 1312768	D:\OpenFrameWorks\of_v0.10.0_vs2017_release\apps\myApps\thermodynamic system of an interactive monatomic gas by kinect camera\bin\fmodexL.dll
  	  *Archivo EXTRA		 5647872	D:\OpenFrameWorks\of_v0.10.0_vs2017_release\apps\myApps\thermodynamic system of an interactive monatomic gas by kinect camera\bin\FreeImage.dll
  	  *Archivo EXTRA		   46592	D:\OpenFrameWorks\of_v0.10.0_vs2017_release\apps\myApps\thermodynamic system of an interactive monatomic gas by kinect camera\bin\libusb0.dll
  	  *Archivo EXTRA		   67680	D:\OpenFrameWorks\of_v0.10.0_vs2017_release\apps\myApps\thermodynamic system of an interactive monatomic gas by kinect camera\bin\libusb0_x86.dll
  	  *Archivo EXTRA		   84280	D:\OpenFrameWorks\of_v0.10.0_vs2017_release\apps\myApps\thermodynamic system of an interactive monatomic gas by kinect camera\bin\libusbK.dll
  	  *Archivo EXTRA		   84280	D:\OpenFrameWorks\of_v0.10.0_vs2017_release\apps\myApps\thermodynamic system of an interactive monatomic gas by kinect camera\bin\libusbK_x86.dll
  	  *Archivo EXTRA		 1629040	D:\OpenFrameWorks\of_v0.10.0_vs2017_release\apps\myApps\thermodynamic system of an interactive monatomic gas by kinect camera\bin\WdfCoInstaller01011.dll
  	  *Archivo EXTRA		  851176	D:\OpenFrameWorks\of_v0.10.0_vs2017_release\apps\myApps\thermodynamic system of an interactive monatomic gas by kinect camera\bin\winusbcoinstaller2.dll
